CRITICAL - 2022-05-06 10:57:00 --> Call to a member function findAll() on null
#0 C:\xampp_wf\htdocs\PruebaWebInformatica\system\CodeIgniter.php(832): App\Controllers\RestApi->index()
#1 C:\xampp_wf\htdocs\PruebaWebInformatica\system\CodeIgniter.php(419): CodeIgniter\CodeIgniter->runController(Object(App\Controllers\RestApi))
#2 C:\xampp_wf\htdocs\PruebaWebInformatica\system\CodeIgniter.php(326): CodeIgniter\CodeIgniter->handleRequest(NULL, Object(Config\Cache), false)
#3 C:\xampp_wf\htdocs\PruebaWebInformatica\public\index.php(37): CodeIgniter\CodeIgniter->run()
#4 {main}
CRITICAL - 2022-05-06 10:58:34 --> Call to a member function getAll() on null
#0 C:\xampp_wf\htdocs\PruebaWebInformatica\system\CodeIgniter.php(832): App\Controllers\RestApi->index()
#1 C:\xampp_wf\htdocs\PruebaWebInformatica\system\CodeIgniter.php(419): CodeIgniter\CodeIgniter->runController(Object(App\Controllers\RestApi))
#2 C:\xampp_wf\htdocs\PruebaWebInformatica\system\CodeIgniter.php(326): CodeIgniter\CodeIgniter->handleRequest(NULL, Object(Config\Cache), false)
#3 C:\xampp_wf\htdocs\PruebaWebInformatica\public\index.php(37): CodeIgniter\CodeIgniter->run()
#4 {main}
CRITICAL - 2022-05-06 10:58:36 --> Call to a member function getAll() on null
#0 C:\xampp_wf\htdocs\PruebaWebInformatica\system\CodeIgniter.php(832): App\Controllers\RestApi->index()
#1 C:\xampp_wf\htdocs\PruebaWebInformatica\system\CodeIgniter.php(419): CodeIgniter\CodeIgniter->runController(Object(App\Controllers\RestApi))
#2 C:\xampp_wf\htdocs\PruebaWebInformatica\system\CodeIgniter.php(326): CodeIgniter\CodeIgniter->handleRequest(NULL, Object(Config\Cache), false)
#3 C:\xampp_wf\htdocs\PruebaWebInformatica\public\index.php(37): CodeIgniter\CodeIgniter->run()
#4 {main}
CRITICAL - 2022-05-06 10:59:32 --> Call to a member function getAll() on null
#0 C:\xampp_wf\htdocs\PruebaWebInformatica\system\CodeIgniter.php(832): App\Controllers\RestApi->index()
#1 C:\xampp_wf\htdocs\PruebaWebInformatica\system\CodeIgniter.php(419): CodeIgniter\CodeIgniter->runController(Object(App\Controllers\RestApi))
#2 C:\xampp_wf\htdocs\PruebaWebInformatica\system\CodeIgniter.php(326): CodeIgniter\CodeIgniter->handleRequest(NULL, Object(Config\Cache), false)
#3 C:\xampp_wf\htdocs\PruebaWebInformatica\public\index.php(37): CodeIgniter\CodeIgniter->run()
#4 {main}
CRITICAL - 2022-05-06 10:59:33 --> Call to a member function getAll() on null
#0 C:\xampp_wf\htdocs\PruebaWebInformatica\system\CodeIgniter.php(832): App\Controllers\RestApi->index()
#1 C:\xampp_wf\htdocs\PruebaWebInformatica\system\CodeIgniter.php(419): CodeIgniter\CodeIgniter->runController(Object(App\Controllers\RestApi))
#2 C:\xampp_wf\htdocs\PruebaWebInformatica\system\CodeIgniter.php(326): CodeIgniter\CodeIgniter->handleRequest(NULL, Object(Config\Cache), false)
#3 C:\xampp_wf\htdocs\PruebaWebInformatica\public\index.php(37): CodeIgniter\CodeIgniter->run()
#4 {main}
CRITICAL - 2022-05-06 10:59:34 --> Call to a member function getAll() on null
#0 C:\xampp_wf\htdocs\PruebaWebInformatica\system\CodeIgniter.php(832): App\Controllers\RestApi->index()
#1 C:\xampp_wf\htdocs\PruebaWebInformatica\system\CodeIgniter.php(419): CodeIgniter\CodeIgniter->runController(Object(App\Controllers\RestApi))
#2 C:\xampp_wf\htdocs\PruebaWebInformatica\system\CodeIgniter.php(326): CodeIgniter\CodeIgniter->handleRequest(NULL, Object(Config\Cache), false)
#3 C:\xampp_wf\htdocs\PruebaWebInformatica\public\index.php(37): CodeIgniter\CodeIgniter->run()
#4 {main}
CRITICAL - 2022-05-06 11:00:12 --> Call to a member function findAll() on null
#0 C:\xampp_wf\htdocs\PruebaWebInformatica\system\CodeIgniter.php(832): App\Controllers\RestApi->index()
#1 C:\xampp_wf\htdocs\PruebaWebInformatica\system\CodeIgniter.php(419): CodeIgniter\CodeIgniter->runController(Object(App\Controllers\RestApi))
#2 C:\xampp_wf\htdocs\PruebaWebInformatica\system\CodeIgniter.php(326): CodeIgniter\CodeIgniter->handleRequest(NULL, Object(Config\Cache), false)
#3 C:\xampp_wf\htdocs\PruebaWebInformatica\public\index.php(37): CodeIgniter\CodeIgniter->run()
#4 {main}
CRITICAL - 2022-05-06 11:00:13 --> Call to a member function findAll() on null
#0 C:\xampp_wf\htdocs\PruebaWebInformatica\system\CodeIgniter.php(832): App\Controllers\RestApi->index()
#1 C:\xampp_wf\htdocs\PruebaWebInformatica\system\CodeIgniter.php(419): CodeIgniter\CodeIgniter->runController(Object(App\Controllers\RestApi))
#2 C:\xampp_wf\htdocs\PruebaWebInformatica\system\CodeIgniter.php(326): CodeIgniter\CodeIgniter->handleRequest(NULL, Object(Config\Cache), false)
#3 C:\xampp_wf\htdocs\PruebaWebInformatica\public\index.php(37): CodeIgniter\CodeIgniter->run()
#4 {main}
CRITICAL - 2022-05-06 12:01:17 --> Undefined property: App\Controllers\RestApi::$pedidos
#0 C:\xampp_wf\htdocs\PruebaWebInformatica\app\Controllers\RestApi.php(45): CodeIgniter\Debug\Exceptions->errorHandler(8, 'Undefined prope...', 'C:\\xampp_wf\\htd...', 45, Array)
#1 C:\xampp_wf\htdocs\PruebaWebInformatica\system\CodeIgniter.php(832): App\Controllers\RestApi->create()
#2 C:\xampp_wf\htdocs\PruebaWebInformatica\system\CodeIgniter.php(419): CodeIgniter\CodeIgniter->runController(Object(App\Controllers\RestApi))
#3 C:\xampp_wf\htdocs\PruebaWebInformatica\system\CodeIgniter.php(326): CodeIgniter\CodeIgniter->handleRequest(NULL, Object(Config\Cache), false)
#4 C:\xampp_wf\htdocs\PruebaWebInformatica\public\index.php(37): CodeIgniter\CodeIgniter->run()
#5 {main}
CRITICAL - 2022-05-06 12:43:25 -->  route cannot be found while reverse-routing.
#0 C:\xampp_wf\htdocs\PruebaWebInformatica\system\HTTP\RedirectResponse.php(56): CodeIgniter\HTTP\Exceptions\HTTPException::forInvalidRedirectRoute('')
#1 C:\xampp_wf\htdocs\PruebaWebInformatica\system\Common.php(832): CodeIgniter\HTTP\RedirectResponse->route(false)
#2 C:\xampp_wf\htdocs\PruebaWebInformatica\app\Controllers\RestApi.php(55): redirect('http://localhos...', Array)
#3 C:\xampp_wf\htdocs\PruebaWebInformatica\app\Controllers\RestApi.php(16): App\Controllers\RestApi->respuestaGenerica(Array, ' ', 200)
#4 C:\xampp_wf\htdocs\PruebaWebInformatica\system\CodeIgniter.php(832): App\Controllers\RestApi->index()
#5 C:\xampp_wf\htdocs\PruebaWebInformatica\system\CodeIgniter.php(419): CodeIgniter\CodeIgniter->runController(Object(App\Controllers\RestApi))
#6 C:\xampp_wf\htdocs\PruebaWebInformatica\system\CodeIgniter.php(326): CodeIgniter\CodeIgniter->handleRequest(NULL, Object(Config\Cache), false)
#7 C:\xampp_wf\htdocs\PruebaWebInformatica\public\index.php(37): CodeIgniter\CodeIgniter->run()
#8 {main}
CRITICAL - 2022-05-06 12:45:09 --> Array to string conversion
#0 C:\xampp_wf\htdocs\PruebaWebInformatica\app\Controllers\RestApi.php(55): CodeIgniter\Debug\Exceptions->errorHandler(8, 'Array to string...', 'C:\\xampp_wf\\htd...', 55, Array)
#1 C:\xampp_wf\htdocs\PruebaWebInformatica\app\Controllers\RestApi.php(16): App\Controllers\RestApi->respuestaGenerica(Array, ' ', 200)
#2 C:\xampp_wf\htdocs\PruebaWebInformatica\system\CodeIgniter.php(832): App\Controllers\RestApi->index()
#3 C:\xampp_wf\htdocs\PruebaWebInformatica\system\CodeIgniter.php(419): CodeIgniter\CodeIgniter->runController(Object(App\Controllers\RestApi))
#4 C:\xampp_wf\htdocs\PruebaWebInformatica\system\CodeIgniter.php(326): CodeIgniter\CodeIgniter->handleRequest(NULL, Object(Config\Cache), false)
#5 C:\xampp_wf\htdocs\PruebaWebInformatica\public\index.php(37): CodeIgniter\CodeIgniter->run()
#6 {main}
CRITICAL - 2022-05-06 12:45:53 --> Array to string conversion
#0 C:\xampp_wf\htdocs\PruebaWebInformatica\app\Controllers\RestApi.php(55): CodeIgniter\Debug\Exceptions->errorHandler(8, 'Array to string...', 'C:\\xampp_wf\\htd...', 55, Array)
#1 C:\xampp_wf\htdocs\PruebaWebInformatica\app\Controllers\RestApi.php(16): App\Controllers\RestApi->respuestaGenerica(Array, ' ', 200)
#2 C:\xampp_wf\htdocs\PruebaWebInformatica\system\CodeIgniter.php(832): App\Controllers\RestApi->index()
#3 C:\xampp_wf\htdocs\PruebaWebInformatica\system\CodeIgniter.php(419): CodeIgniter\CodeIgniter->runController(Object(App\Controllers\RestApi))
#4 C:\xampp_wf\htdocs\PruebaWebInformatica\system\CodeIgniter.php(326): CodeIgniter\CodeIgniter->handleRequest(NULL, Object(Config\Cache), false)
#5 C:\xampp_wf\htdocs\PruebaWebInformatica\public\index.php(37): CodeIgniter\CodeIgniter->run()
#6 {main}
CRITICAL - 2022-05-06 12:45:54 --> Array to string conversion
#0 C:\xampp_wf\htdocs\PruebaWebInformatica\app\Controllers\RestApi.php(55): CodeIgniter\Debug\Exceptions->errorHandler(8, 'Array to string...', 'C:\\xampp_wf\\htd...', 55, Array)
#1 C:\xampp_wf\htdocs\PruebaWebInformatica\app\Controllers\RestApi.php(16): App\Controllers\RestApi->respuestaGenerica(Array, ' ', 200)
#2 C:\xampp_wf\htdocs\PruebaWebInformatica\system\CodeIgniter.php(832): App\Controllers\RestApi->index()
#3 C:\xampp_wf\htdocs\PruebaWebInformatica\system\CodeIgniter.php(419): CodeIgniter\CodeIgniter->runController(Object(App\Controllers\RestApi))
#4 C:\xampp_wf\htdocs\PruebaWebInformatica\system\CodeIgniter.php(326): CodeIgniter\CodeIgniter->handleRequest(NULL, Object(Config\Cache), false)
#5 C:\xampp_wf\htdocs\PruebaWebInformatica\public\index.php(37): CodeIgniter\CodeIgniter->run()
#6 {main}
ERROR - 2022-05-06 15:40:08 --> Column 'nombre_cliente' cannot be null
CRITICAL - 2022-05-06 15:40:08 --> Column 'nombre_cliente' cannot be null
#0 C:\xampp_wf\htdocs\PruebaWebInformatica\system\Database\MySQLi\Connection.php(292): mysqli->query('INSERT INTO `pe...', 0)
#1 C:\xampp_wf\htdocs\PruebaWebInformatica\system\Database\BaseConnection.php(670): CodeIgniter\Database\MySQLi\Connection->execute('INSERT INTO `pe...')
#2 C:\xampp_wf\htdocs\PruebaWebInformatica\system\Database\BaseConnection.php(598): CodeIgniter\Database\BaseConnection->simpleQuery('INSERT INTO `pe...')
#3 C:\xampp_wf\htdocs\PruebaWebInformatica\system\Database\BaseBuilder.php(1771): CodeIgniter\Database\BaseConnection->query('INSERT INTO `pe...', Array, false)
#4 C:\xampp_wf\htdocs\PruebaWebInformatica\system\Model.php(239): CodeIgniter\Database\BaseBuilder->insert()
#5 C:\xampp_wf\htdocs\PruebaWebInformatica\system\BaseModel.php(738): CodeIgniter\Model->doInsert(Array)
#6 C:\xampp_wf\htdocs\PruebaWebInformatica\system\Model.php(625): CodeIgniter\BaseModel->insert(Array, true)
#7 C:\xampp_wf\htdocs\PruebaWebInformatica\app\Controllers\RestApi.php(42): CodeIgniter\Model->insert(Array)
#8 C:\xampp_wf\htdocs\PruebaWebInformatica\system\CodeIgniter.php(832): App\Controllers\RestApi->create()
#9 C:\xampp_wf\htdocs\PruebaWebInformatica\system\CodeIgniter.php(419): CodeIgniter\CodeIgniter->runController(Object(App\Controllers\RestApi))
#10 C:\xampp_wf\htdocs\PruebaWebInformatica\system\CodeIgniter.php(326): CodeIgniter\CodeIgniter->handleRequest(NULL, Object(Config\Cache), false)
#11 C:\xampp_wf\htdocs\PruebaWebInformatica\public\index.php(37): CodeIgniter\CodeIgniter->run()
#12 {main}
ERROR - 2022-05-06 15:40:10 --> Column 'nombre_cliente' cannot be null
CRITICAL - 2022-05-06 15:40:10 --> Column 'nombre_cliente' cannot be null
#0 C:\xampp_wf\htdocs\PruebaWebInformatica\system\Database\MySQLi\Connection.php(292): mysqli->query('INSERT INTO `pe...', 0)
#1 C:\xampp_wf\htdocs\PruebaWebInformatica\system\Database\BaseConnection.php(670): CodeIgniter\Database\MySQLi\Connection->execute('INSERT INTO `pe...')
#2 C:\xampp_wf\htdocs\PruebaWebInformatica\system\Database\BaseConnection.php(598): CodeIgniter\Database\BaseConnection->simpleQuery('INSERT INTO `pe...')
#3 C:\xampp_wf\htdocs\PruebaWebInformatica\system\Database\BaseBuilder.php(1771): CodeIgniter\Database\BaseConnection->query('INSERT INTO `pe...', Array, false)
#4 C:\xampp_wf\htdocs\PruebaWebInformatica\system\Model.php(239): CodeIgniter\Database\BaseBuilder->insert()
#5 C:\xampp_wf\htdocs\PruebaWebInformatica\system\BaseModel.php(738): CodeIgniter\Model->doInsert(Array)
#6 C:\xampp_wf\htdocs\PruebaWebInformatica\system\Model.php(625): CodeIgniter\BaseModel->insert(Array, true)
#7 C:\xampp_wf\htdocs\PruebaWebInformatica\app\Controllers\RestApi.php(42): CodeIgniter\Model->insert(Array)
#8 C:\xampp_wf\htdocs\PruebaWebInformatica\system\CodeIgniter.php(832): App\Controllers\RestApi->create()
#9 C:\xampp_wf\htdocs\PruebaWebInformatica\system\CodeIgniter.php(419): CodeIgniter\CodeIgniter->runController(Object(App\Controllers\RestApi))
#10 C:\xampp_wf\htdocs\PruebaWebInformatica\system\CodeIgniter.php(326): CodeIgniter\CodeIgniter->handleRequest(NULL, Object(Config\Cache), false)
#11 C:\xampp_wf\htdocs\PruebaWebInformatica\public\index.php(37): CodeIgniter\CodeIgniter->run()
#12 {main}
CRITICAL - 2022-05-06 15:52:32 --> Undefined variable: totalTime
#0 C:\xampp_wf\htdocs\PruebaWebInformatica\system\Debug\Toolbar\Views\toolbar.tpl.php(40): CodeIgniter\Debug\Exceptions->errorHandler(8, 'Undefined varia...', 'C:\\xampp_wf\\htd...', 40, Array)
#1 C:\xampp_wf\htdocs\PruebaWebInformatica\system\Debug\Toolbar.php(501): include('C:\\xampp_wf\\htd...')
#2 C:\xampp_wf\htdocs\PruebaWebInformatica\system\Debug\Toolbar.php(464): CodeIgniter\Debug\Toolbar->format(Array, 'html')
#3 C:\xampp_wf\htdocs\PruebaWebInformatica\app\Config\Events.php(48): CodeIgniter\Debug\Toolbar->respond()
#4 C:\xampp_wf\htdocs\PruebaWebInformatica\system\Events\Events.php(149): CodeIgniter\Events\Events::Config\{closure}()
#5 C:\xampp_wf\htdocs\PruebaWebInformatica\system\CodeIgniter.php(308): CodeIgniter\Events\Events::trigger('pre_system')
#6 C:\xampp_wf\htdocs\PruebaWebInformatica\public\index.php(37): CodeIgniter\CodeIgniter->run()
#7 {main}
CRITICAL - 2022-05-06 16:15:35 --> Function name must be a string
#0 C:\xampp_wf\htdocs\PruebaWebInformatica\system\CodeIgniter.php(832): App\Controllers\RestApi->create()
#1 C:\xampp_wf\htdocs\PruebaWebInformatica\system\CodeIgniter.php(419): CodeIgniter\CodeIgniter->runController(Object(App\Controllers\RestApi))
#2 C:\xampp_wf\htdocs\PruebaWebInformatica\system\CodeIgniter.php(326): CodeIgniter\CodeIgniter->handleRequest(NULL, Object(Config\Cache), false)
#3 C:\xampp_wf\htdocs\PruebaWebInformatica\public\index.php(37): CodeIgniter\CodeIgniter->run()
#4 {main}
CRITICAL - 2022-05-06 16:17:16 --> Function name must be a string
#0 C:\xampp_wf\htdocs\PruebaWebInformatica\system\CodeIgniter.php(832): App\Controllers\RestApi->create()
#1 C:\xampp_wf\htdocs\PruebaWebInformatica\system\CodeIgniter.php(419): CodeIgniter\CodeIgniter->runController(Object(App\Controllers\RestApi))
#2 C:\xampp_wf\htdocs\PruebaWebInformatica\system\CodeIgniter.php(326): CodeIgniter\CodeIgniter->handleRequest(NULL, Object(Config\Cache), false)
#3 C:\xampp_wf\htdocs\PruebaWebInformatica\public\index.php(37): CodeIgniter\CodeIgniter->run()
#4 {main}
CRITICAL - 2022-05-06 16:17:45 --> Undefined index: nombre_cliente
#0 C:\xampp_wf\htdocs\PruebaWebInformatica\app\Controllers\RestApi.php(39): CodeIgniter\Debug\Exceptions->errorHandler(8, 'Undefined index...', 'C:\\xampp_wf\\htd...', 39, Array)
#1 C:\xampp_wf\htdocs\PruebaWebInformatica\system\CodeIgniter.php(832): App\Controllers\RestApi->create()
#2 C:\xampp_wf\htdocs\PruebaWebInformatica\system\CodeIgniter.php(419): CodeIgniter\CodeIgniter->runController(Object(App\Controllers\RestApi))
#3 C:\xampp_wf\htdocs\PruebaWebInformatica\system\CodeIgniter.php(326): CodeIgniter\CodeIgniter->handleRequest(NULL, Object(Config\Cache), false)
#4 C:\xampp_wf\htdocs\PruebaWebInformatica\public\index.php(37): CodeIgniter\CodeIgniter->run()
#5 {main}
CRITICAL - 2022-05-06 16:42:42 --> Undefined index: pd
#0 C:\xampp_wf\htdocs\PruebaWebInformatica\app\Controllers\RestApi.php(40): CodeIgniter\Debug\Exceptions->errorHandler(8, 'Undefined index...', 'C:\\xampp_wf\\htd...', 40, Array)
#1 C:\xampp_wf\htdocs\PruebaWebInformatica\system\CodeIgniter.php(832): App\Controllers\RestApi->create()
#2 C:\xampp_wf\htdocs\PruebaWebInformatica\system\CodeIgniter.php(419): CodeIgniter\CodeIgniter->runController(Object(App\Controllers\RestApi))
#3 C:\xampp_wf\htdocs\PruebaWebInformatica\system\CodeIgniter.php(326): CodeIgniter\CodeIgniter->handleRequest(NULL, Object(Config\Cache), false)
#4 C:\xampp_wf\htdocs\PruebaWebInformatica\public\index.php(37): CodeIgniter\CodeIgniter->run()
#5 {main}
CRITICAL - 2022-05-06 16:43:39 --> Undefined index: pd
#0 C:\xampp_wf\htdocs\PruebaWebInformatica\app\Controllers\RestApi.php(40): CodeIgniter\Debug\Exceptions->errorHandler(8, 'Undefined index...', 'C:\\xampp_wf\\htd...', 40, Array)
#1 C:\xampp_wf\htdocs\PruebaWebInformatica\system\CodeIgniter.php(832): App\Controllers\RestApi->create()
#2 C:\xampp_wf\htdocs\PruebaWebInformatica\system\CodeIgniter.php(419): CodeIgniter\CodeIgniter->runController(Object(App\Controllers\RestApi))
#3 C:\xampp_wf\htdocs\PruebaWebInformatica\system\CodeIgniter.php(326): CodeIgniter\CodeIgniter->handleRequest(NULL, Object(Config\Cache), false)
#4 C:\xampp_wf\htdocs\PruebaWebInformatica\public\index.php(37): CodeIgniter\CodeIgniter->run()
#5 {main}
CRITICAL - 2022-05-06 16:44:03 --> Undefined index: datos.id_producto
#0 C:\xampp_wf\htdocs\PruebaWebInformatica\app\Controllers\RestApi.php(40): CodeIgniter\Debug\Exceptions->errorHandler(8, 'Undefined index...', 'C:\\xampp_wf\\htd...', 40, Array)
#1 C:\xampp_wf\htdocs\PruebaWebInformatica\system\CodeIgniter.php(832): App\Controllers\RestApi->create()
#2 C:\xampp_wf\htdocs\PruebaWebInformatica\system\CodeIgniter.php(419): CodeIgniter\CodeIgniter->runController(Object(App\Controllers\RestApi))
#3 C:\xampp_wf\htdocs\PruebaWebInformatica\system\CodeIgniter.php(326): CodeIgniter\CodeIgniter->handleRequest(NULL, Object(Config\Cache), false)
#4 C:\xampp_wf\htdocs\PruebaWebInformatica\public\index.php(37): CodeIgniter\CodeIgniter->run()
#5 {main}
CRITICAL - 2022-05-06 16:44:14 --> Undefined index: datos.id_producto
#0 C:\xampp_wf\htdocs\PruebaWebInformatica\app\Controllers\RestApi.php(40): CodeIgniter\Debug\Exceptions->errorHandler(8, 'Undefined index...', 'C:\\xampp_wf\\htd...', 40, Array)
#1 C:\xampp_wf\htdocs\PruebaWebInformatica\system\CodeIgniter.php(832): App\Controllers\RestApi->create()
#2 C:\xampp_wf\htdocs\PruebaWebInformatica\system\CodeIgniter.php(419): CodeIgniter\CodeIgniter->runController(Object(App\Controllers\RestApi))
#3 C:\xampp_wf\htdocs\PruebaWebInformatica\system\CodeIgniter.php(326): CodeIgniter\CodeIgniter->handleRequest(NULL, Object(Config\Cache), false)
#4 C:\xampp_wf\htdocs\PruebaWebInformatica\public\index.php(37): CodeIgniter\CodeIgniter->run()
#5 {main}
CRITICAL - 2022-05-06 16:44:31 --> Undefined index: id_producto
#0 C:\xampp_wf\htdocs\PruebaWebInformatica\app\Controllers\RestApi.php(40): CodeIgniter\Debug\Exceptions->errorHandler(8, 'Undefined index...', 'C:\\xampp_wf\\htd...', 40, Array)
#1 C:\xampp_wf\htdocs\PruebaWebInformatica\system\CodeIgniter.php(832): App\Controllers\RestApi->create()
#2 C:\xampp_wf\htdocs\PruebaWebInformatica\system\CodeIgniter.php(419): CodeIgniter\CodeIgniter->runController(Object(App\Controllers\RestApi))
#3 C:\xampp_wf\htdocs\PruebaWebInformatica\system\CodeIgniter.php(326): CodeIgniter\CodeIgniter->handleRequest(NULL, Object(Config\Cache), false)
#4 C:\xampp_wf\htdocs\PruebaWebInformatica\public\index.php(37): CodeIgniter\CodeIgniter->run()
#5 {main}
CRITICAL - 2022-05-06 16:45:34 --> Undefined index: pd[]
#0 C:\xampp_wf\htdocs\PruebaWebInformatica\app\Controllers\RestApi.php(40): CodeIgniter\Debug\Exceptions->errorHandler(8, 'Undefined index...', 'C:\\xampp_wf\\htd...', 40, Array)
#1 C:\xampp_wf\htdocs\PruebaWebInformatica\system\CodeIgniter.php(832): App\Controllers\RestApi->create()
#2 C:\xampp_wf\htdocs\PruebaWebInformatica\system\CodeIgniter.php(419): CodeIgniter\CodeIgniter->runController(Object(App\Controllers\RestApi))
#3 C:\xampp_wf\htdocs\PruebaWebInformatica\system\CodeIgniter.php(326): CodeIgniter\CodeIgniter->handleRequest(NULL, Object(Config\Cache), false)
#4 C:\xampp_wf\htdocs\PruebaWebInformatica\public\index.php(37): CodeIgniter\CodeIgniter->run()
#5 {main}
CRITICAL - 2022-05-06 17:00:42 --> Object of class App\Models\PedidosModel could not be converted to string
#0 C:\xampp_wf\htdocs\PruebaWebInformatica\system\CodeIgniter.php(832): App\Controllers\RestApi->create()
#1 C:\xampp_wf\htdocs\PruebaWebInformatica\system\CodeIgniter.php(419): CodeIgniter\CodeIgniter->runController(Object(App\Controllers\RestApi))
#2 C:\xampp_wf\htdocs\PruebaWebInformatica\system\CodeIgniter.php(326): CodeIgniter\CodeIgniter->handleRequest(NULL, Object(Config\Cache), false)
#3 C:\xampp_wf\htdocs\PruebaWebInformatica\public\index.php(37): CodeIgniter\CodeIgniter->run()
#4 {main}
CRITICAL - 2022-05-06 17:12:09 --> date() expects at most 2 parameters, 3 given
#0 [internal function]: CodeIgniter\Debug\Exceptions->errorHandler(2, 'date() expects ...', 'C:\\xampp_wf\\htd...', 41, Array)
#1 C:\xampp_wf\htdocs\PruebaWebInformatica\app\Controllers\RestApi.php(41): date('y', 'm', 'd')
#2 C:\xampp_wf\htdocs\PruebaWebInformatica\system\CodeIgniter.php(832): App\Controllers\RestApi->create()
#3 C:\xampp_wf\htdocs\PruebaWebInformatica\system\CodeIgniter.php(419): CodeIgniter\CodeIgniter->runController(Object(App\Controllers\RestApi))
#4 C:\xampp_wf\htdocs\PruebaWebInformatica\system\CodeIgniter.php(326): CodeIgniter\CodeIgniter->handleRequest(NULL, Object(Config\Cache), false)
#5 C:\xampp_wf\htdocs\PruebaWebInformatica\public\index.php(37): CodeIgniter\CodeIgniter->run()
#6 {main}
CRITICAL - 2022-05-06 17:21:11 --> Object of class DateTime could not be converted to string
#0 C:\xampp_wf\htdocs\PruebaWebInformatica\system\CodeIgniter.php(832): App\Controllers\RestApi->create()
#1 C:\xampp_wf\htdocs\PruebaWebInformatica\system\CodeIgniter.php(419): CodeIgniter\CodeIgniter->runController(Object(App\Controllers\RestApi))
#2 C:\xampp_wf\htdocs\PruebaWebInformatica\system\CodeIgniter.php(326): CodeIgniter\CodeIgniter->handleRequest(NULL, Object(Config\Cache), false)
#3 C:\xampp_wf\htdocs\PruebaWebInformatica\public\index.php(37): CodeIgniter\CodeIgniter->run()
#4 {main}
